
--------------------begin------------------------

[2020/04/21 14:22:55.79330][i][37bc9bc6c] Connected to 192.168.0.101:2181
[2020/04/21 14:22:55.94114][i][37bc9bc6c] authenticated: id=103610669116172254, timeout=4000
[2020/04/21 14:22:55.94134][i][37bc9bc6c] re-submitting `0` credentials after reconnect
[2020/04/21 14:22:55.128854][i][37bc9bc6c] 初始化 /beanpay_debug/apiserver/rpc-api/5.93
[2020/04/21 14:22:55.135255][i][5ab2745fd] 开始启动[RPC]服务...
[2020/04/21 14:22:55.141116][d][5ab2745fd] [未启用 jwt设置]
[2020/04/21 14:22:55.141126][d][5ab2745fd] [未启用 固定密钥认证]
[2020/04/21 14:22:55.141131][d][5ab2745fd] [未启用 远程服务认证]
[2020/04/21 14:22:55.141135][d][5ab2745fd] [未启用 header设置]
[2020/04/21 14:22:55.141140][d][5ab2745fd] [未启用 metric设置]
[2020/04/21 14:22:55.141143][d][5ab2745fd] [未启用 host设置]
[2020/04/21 14:22:55.727229][i][5ab2745fd] 服务启动成功(RPC,tcp://192.168.5.93:9091,7)
[2020/04/21 14:22:55.731288][i][f068abd22] 开始启动[API]服务...
[2020/04/21 14:22:55.734824][i][f068abd22] [启用 静态文件]
[2020/04/21 14:22:55.734829][d][f068abd22] [未启用 header设置]
[2020/04/21 14:22:55.734831][d][f068abd22] [未启用 响应格式设置]
[2020/04/21 14:22:55.734833][d][f068abd22] [未启用 熔断设置]
[2020/04/21 14:22:55.734834][d][f068abd22] [未启用 jwt设置]
[2020/04/21 14:22:55.734836][d][f068abd22] [未启用 固定密钥认证]
[2020/04/21 14:22:55.734837][d][f068abd22] [未启用 远程服务认证]
[2020/04/21 14:22:55.734839][d][f068abd22] [未启用 ajax请求限制设置]
[2020/04/21 14:22:55.734841][d][f068abd22] [未启用 metric设置]
[2020/04/21 14:22:55.734843][d][f068abd22] [未启用 host设置]
[2020/04/21 14:22:56.257014][i][f068abd22] 服务启动成功(API,http://192.168.5.93:9090,7)

---------------------end-------------------------

--------------------begin------------------------

[2020/04/21 14:36:11.59197][i][37bc9bc6c] apiserver 正在退出...
[2020/04/21 14:36:12.149379][i][37bc9bc6c] apiserver 已安全退出

---------------------end-------------------------

--------------------begin------------------------

[2020/04/21 14:36:51.926220][i][022ef2f10] Connected to 192.168.0.101:2181
[2020/04/21 14:36:51.940449][i][022ef2f10] authenticated: id=103610669116172256, timeout=4000
[2020/04/21 14:36:51.940458][i][022ef2f10] re-submitting `0` credentials after reconnect
[2020/04/21 14:36:51.973341][i][022ef2f10] 初始化 /beanpay_debug/apiserver/api-rpc/5.93
[2020/04/21 14:36:51.978410][i][8007a21ec] 开始启动[API]服务...
[2020/04/21 14:36:51.981789][i][8007a21ec] [启用 静态文件]
[2020/04/21 14:36:51.981794][d][8007a21ec] [未启用 header设置]
[2020/04/21 14:36:51.981797][d][8007a21ec] [未启用 响应格式设置]
[2020/04/21 14:36:51.981800][d][8007a21ec] [未启用 熔断设置]
[2020/04/21 14:36:51.981806][d][8007a21ec] [未启用 jwt设置]
[2020/04/21 14:36:51.981807][d][8007a21ec] [未启用 固定密钥认证]
[2020/04/21 14:36:51.981808][d][8007a21ec] [未启用 远程服务认证]
[2020/04/21 14:36:51.981810][d][8007a21ec] [未启用 ajax请求限制设置]
[2020/04/21 14:36:51.981813][d][8007a21ec] [未启用 metric设置]
[2020/04/21 14:36:51.981815][d][8007a21ec] [未启用 host设置]
[2020/04/21 14:36:52.502518][i][8007a21ec] 服务启动成功(API,http://192.168.5.93:9090,8)
[2020/04/21 14:36:52.507010][i][b3797c814] 开始启动[RPC]服务...
[2020/04/21 14:36:52.511570][d][b3797c814] [未启用 jwt设置]
[2020/04/21 14:36:52.511584][d][b3797c814] [未启用 固定密钥认证]
[2020/04/21 14:36:52.511589][d][b3797c814] [未启用 远程服务认证]
[2020/04/21 14:36:52.511593][d][b3797c814] [未启用 header设置]
[2020/04/21 14:36:52.511599][d][b3797c814] [未启用 metric设置]
[2020/04/21 14:36:52.511603][d][b3797c814] [未启用 host设置]
[2020/04/21 14:36:53.111835][i][b3797c814] 服务启动成功(RPC,tcp://192.168.5.93:9091,8)
[2020/04/21 14:38:31.790612][i][17e1c9482] api.request GET /account/create?ident=beanpay&group=up&eid=colin&name=colin from 192.168.5.93
[2020/04/21 14:38:31.790782][i][17e1c9482] ---------------创建资金帐户--------------------
[2020/04/21 14:38:31.790782][i][17e1c9482] 1. 参数校验
[2020/04/21 14:38:31.790792][i][17e1c9482] 2. 创建帐户信息
[2020/04/21 14:38:31.809132][i][17e1c9482] 3. 处理返回结果
[2020/04/21 14:38:31.809196][i][17e1c9482] api.response GET /account/create?ident=beanpay&group=up&eid=colin&name=colin 201  18.592219ms 
[2020/04/21 14:38:32.824903][i][4e858ccd0] api.request GET /account/create?ident=beanpay&group=up&eid=colin&name=colin from 192.168.5.93
[2020/04/21 14:38:32.825015][i][4e858ccd0] ---------------创建资金帐户--------------------
[2020/04/21 14:38:32.825016][i][4e858ccd0] 1. 参数校验
[2020/04/21 14:38:32.825031][i][4e858ccd0] 2. 创建帐户信息
[2020/04/21 14:38:32.826647][i][4e858ccd0] 3. 处理返回结果
[2020/04/21 14:38:32.826682][i][4e858ccd0] api.response GET /account/create?ident=beanpay&group=up&eid=colin&name=colin 201  1.792549ms 
[2020/04/21 14:39:35.603426][i][6457cb8b7] api.request GET /account/create?ident=beanpay&group=up&eid=colin&name=colin from 192.168.5.93
[2020/04/21 14:39:35.603576][i][6457cb8b7] ---------------创建资金帐户--------------------
[2020/04/21 14:39:35.603577][i][6457cb8b7] 1. 参数校验
[2020/04/21 14:39:35.603592][i][6457cb8b7] 2. 创建帐户信息
[2020/04/21 14:39:35.642051][i][6457cb8b7] 3. 处理返回结果
[2020/04/21 14:39:35.642090][i][6457cb8b7] api.response GET /account/create?ident=beanpay&group=up&eid=colin&name=colin 200  38.682375ms 
[2020/04/21 14:39:51.675408][i][45064470d] api.request GET /account/create?ident=beanpay&group=up&eid=colin&name=colin from 192.168.5.93
[2020/04/21 14:39:51.675601][i][45064470d] ---------------创建资金帐户--------------------
[2020/04/21 14:39:51.675602][i][45064470d] 1. 参数校验
[2020/04/21 14:39:51.675642][i][45064470d] 2. 创建帐户信息
[2020/04/21 14:39:51.677637][i][45064470d] 3. 处理返回结果
[2020/04/21 14:39:51.677670][i][45064470d] api.response GET /account/create?ident=beanpay&group=up&eid=colin&name=colin 201  2.291214ms 
[2020/04/21 14:39:58.61780][i][5cedb19db] api.request GET /account/update?ident=beanpay&group=up&eid=colin&name=colin111 from 192.168.5.93
[2020/04/21 14:39:58.61889][i][5cedb19db] ---------------修改资金帐户--------------------
[2020/04/21 14:39:58.61891][i][5cedb19db] 1. 参数校验
[2020/04/21 14:39:58.61903][i][5cedb19db] 2. 修改资金帐户
[2020/04/21 14:39:58.88042][i][5cedb19db] 3. 处理返回结果
[2020/04/21 14:39:58.88079][i][5cedb19db] api.response GET /account/update?ident=beanpay&group=up&eid=colin&name=colin111 200  26.324634ms 
[2020/04/21 14:40:22.536866][i][55f011981] api.request GET /account/query?ident=beanpay&group=up&eid=colin&name=colin111 from 192.168.5.93
[2020/04/21 14:40:22.537034][i][55f011981] ---------------查询资金帐户--------------------
[2020/04/21 14:40:22.537035][i][55f011981] 1. 参数校验
[2020/04/21 14:40:22.537051][i][55f011981] 2. 查询帐户信息
[2020/04/21 14:40:22.539784][i][55f011981] 3. 处理返回结果
[2020/04/21 14:40:22.539821][i][55f011981] api.response GET /account/query?ident=beanpay&group=up&eid=colin&name=colin111 200  2.970589ms 
[2020/04/21 14:40:23.4560][i][b3a0a19ef] api.request GET /account/query?ident=beanpay&group=up&eid=colin&name=colin111 from 192.168.5.93
[2020/04/21 14:40:23.4678][i][b3a0a19ef] ---------------查询资金帐户--------------------
[2020/04/21 14:40:23.4679][i][b3a0a19ef] 1. 参数校验
[2020/04/21 14:40:23.4693][i][b3a0a19ef] 2. 查询帐户信息
[2020/04/21 14:40:23.6464][i][b3a0a19ef] 3. 处理返回结果
[2020/04/21 14:40:23.6491][i][b3a0a19ef] api.response GET /account/query?ident=beanpay&group=up&eid=colin&name=colin111 200  1.947675ms 
[2020/04/21 14:40:23.182675][i][c56c68589] api.request GET /account/query?ident=beanpay&group=up&eid=colin&name=colin111 from 192.168.5.93
[2020/04/21 14:40:23.182792][i][c56c68589] ---------------查询资金帐户--------------------
[2020/04/21 14:40:23.182793][i][c56c68589] 1. 参数校验
[2020/04/21 14:40:23.182808][i][c56c68589] 2. 查询帐户信息
[2020/04/21 14:40:23.185355][i][c56c68589] 3. 处理返回结果
[2020/04/21 14:40:23.185386][i][c56c68589] api.response GET /account/query?ident=beanpay&group=up&eid=colin&name=colin111 200  2.731596ms 
[2020/04/21 14:40:23.385242][i][87083ecc3] api.request GET /account/query?ident=beanpay&group=up&eid=colin&name=colin111 from 192.168.5.93
[2020/04/21 14:40:23.385355][i][87083ecc3] ---------------查询资金帐户--------------------
[2020/04/21 14:40:23.385356][i][87083ecc3] 1. 参数校验
[2020/04/21 14:40:23.385369][i][87083ecc3] 2. 查询帐户信息
[2020/04/21 14:40:23.387205][i][87083ecc3] 3. 处理返回结果
[2020/04/21 14:40:23.387234][i][87083ecc3] api.response GET /account/query?ident=beanpay&group=up&eid=colin&name=colin111 200  2.009206ms 
[2020/04/21 14:40:23.573762][i][7da996517] api.request GET /account/query?ident=beanpay&group=up&eid=colin&name=colin111 from 192.168.5.93
[2020/04/21 14:40:23.573883][i][7da996517] ---------------查询资金帐户--------------------
[2020/04/21 14:40:23.573884][i][7da996517] 1. 参数校验
[2020/04/21 14:40:23.573898][i][7da996517] 2. 查询帐户信息
[2020/04/21 14:40:23.575803][i][7da996517] 3. 处理返回结果
[2020/04/21 14:40:23.575838][i][7da996517] api.response GET /account/query?ident=beanpay&group=up&eid=colin&name=colin111 200  2.090435ms 
[2020/04/21 14:40:23.746097][i][eec83e3d1] api.request GET /account/query?ident=beanpay&group=up&eid=colin&name=colin111 from 192.168.5.93
[2020/04/21 14:40:23.746183][i][eec83e3d1] ---------------查询资金帐户--------------------
[2020/04/21 14:40:23.746183][i][eec83e3d1] 1. 参数校验
[2020/04/21 14:40:23.746198][i][eec83e3d1] 2. 查询帐户信息
[2020/04/21 14:40:23.749431][i][eec83e3d1] 3. 处理返回结果
[2020/04/21 14:40:23.749477][i][eec83e3d1] api.response GET /account/query?ident=beanpay&group=up&eid=colin&name=colin111 200  3.39152ms 
[2020/04/21 14:40:23.965120][i][234017e65] api.request GET /account/query?ident=beanpay&group=up&eid=colin&name=colin111 from 192.168.5.93
[2020/04/21 14:40:23.965258][i][234017e65] ---------------查询资金帐户--------------------
[2020/04/21 14:40:23.965259][i][234017e65] 1. 参数校验
[2020/04/21 14:40:23.965275][i][234017e65] 2. 查询帐户信息
[2020/04/21 14:40:23.967666][i][234017e65] 3. 处理返回结果
[2020/04/21 14:40:23.967719][i][234017e65] api.response GET /account/query?ident=beanpay&group=up&eid=colin&name=colin111 200  2.619255ms 
[2020/04/21 14:40:24.307952][i][c450b291a] api.request GET /account/query?ident=beanpay&group=up&eid=colin&name=colin111 from 192.168.5.93
[2020/04/21 14:40:24.308081][i][c450b291a] ---------------查询资金帐户--------------------
[2020/04/21 14:40:24.308082][i][c450b291a] 1. 参数校验
[2020/04/21 14:40:24.308102][i][c450b291a] 2. 查询帐户信息
[2020/04/21 14:40:24.309714][i][c450b291a] 3. 处理返回结果
[2020/04/21 14:40:24.309744][i][c450b291a] api.response GET /account/query?ident=beanpay&group=up&eid=colin&name=colin111 200  1.810832ms 
[2020/04/21 14:40:24.509663][i][a2523256a] api.request GET /account/query?ident=beanpay&group=up&eid=colin&name=colin111 from 192.168.5.93
[2020/04/21 14:40:24.509780][i][a2523256a] ---------------查询资金帐户--------------------
[2020/04/21 14:40:24.509781][i][a2523256a] 1. 参数校验
[2020/04/21 14:40:24.509794][i][a2523256a] 2. 查询帐户信息
[2020/04/21 14:40:24.512618][i][a2523256a] 3. 处理返回结果
[2020/04/21 14:40:24.512650][i][a2523256a] api.response GET /account/query?ident=beanpay&group=up&eid=colin&name=colin111 200  3.002823ms 
[2020/04/21 14:40:24.696481][i][2b97306fc] api.request GET /account/query?ident=beanpay&group=up&eid=colin&name=colin111 from 192.168.5.93
[2020/04/21 14:40:24.696595][i][2b97306fc] ---------------查询资金帐户--------------------
[2020/04/21 14:40:24.696595][i][2b97306fc] 1. 参数校验
[2020/04/21 14:40:24.696609][i][2b97306fc] 2. 查询帐户信息
[2020/04/21 14:40:24.701850][i][2b97306fc] 3. 处理返回结果
[2020/04/21 14:40:24.701885][i][2b97306fc] api.response GET /account/query?ident=beanpay&group=up&eid=colin&name=colin111 200  5.420147ms 
[2020/04/21 14:40:24.894569][i][a69d7d127] api.request GET /account/query?ident=beanpay&group=up&eid=colin&name=colin111 from 192.168.5.93
[2020/04/21 14:40:24.894682][i][a69d7d127] ---------------查询资金帐户--------------------
[2020/04/21 14:40:24.894683][i][a69d7d127] 1. 参数校验
[2020/04/21 14:40:24.894698][i][a69d7d127] 2. 查询帐户信息
[2020/04/21 14:40:24.896569][i][a69d7d127] 3. 处理返回结果
[2020/04/21 14:40:24.896601][i][a69d7d127] api.response GET /account/query?ident=beanpay&group=up&eid=colin&name=colin111 200  2.04668ms 
[2020/04/21 14:40:25.77193][i][7028d36ad] api.request GET /account/query?ident=beanpay&group=up&eid=colin&name=colin111 from 192.168.5.93
[2020/04/21 14:40:25.77301][i][7028d36ad] ---------------查询资金帐户--------------------
[2020/04/21 14:40:25.77303][i][7028d36ad] 1. 参数校验
[2020/04/21 14:40:25.77319][i][7028d36ad] 2. 查询帐户信息
[2020/04/21 14:40:25.79510][i][7028d36ad] 3. 处理返回结果
[2020/04/21 14:40:25.79536][i][7028d36ad] api.response GET /account/query?ident=beanpay&group=up&eid=colin&name=colin111 200  2.35956ms 
[2020/04/21 14:40:25.239539][i][44814cd72] api.request GET /account/query?ident=beanpay&group=up&eid=colin&name=colin111 from 192.168.5.93
[2020/04/21 14:40:25.239627][i][44814cd72] ---------------查询资金帐户--------------------
[2020/04/21 14:40:25.239628][i][44814cd72] 1. 参数校验
[2020/04/21 14:40:25.239642][i][44814cd72] 2. 查询帐户信息
[2020/04/21 14:40:25.241618][i][44814cd72] 3. 处理返回结果
[2020/04/21 14:40:25.241644][i][44814cd72] api.response GET /account/query?ident=beanpay&group=up&eid=colin&name=colin111 200  2.118453ms 
[2020/04/21 14:40:25.468245][i][f3e508c0b] api.request GET /account/query?ident=beanpay&group=up&eid=colin&name=colin111 from 192.168.5.93
[2020/04/21 14:40:25.468372][i][f3e508c0b] ---------------查询资金帐户--------------------
[2020/04/21 14:40:25.468372][i][f3e508c0b] 1. 参数校验
[2020/04/21 14:40:25.468385][i][f3e508c0b] 2. 查询帐户信息
[2020/04/21 14:40:25.470434][i][f3e508c0b] 3. 处理返回结果
[2020/04/21 14:40:25.470465][i][f3e508c0b] api.response GET /account/query?ident=beanpay&group=up&eid=colin&name=colin111 200  2.239944ms 
[2020/04/21 14:40:25.657009][i][1517cdbdd] api.request GET /account/query?ident=beanpay&group=up&eid=colin&name=colin111 from 192.168.5.93
[2020/04/21 14:40:25.657114][i][1517cdbdd] ---------------查询资金帐户--------------------
[2020/04/21 14:40:25.657115][i][1517cdbdd] 1. 参数校验
[2020/04/21 14:40:25.657127][i][1517cdbdd] 2. 查询帐户信息
[2020/04/21 14:40:25.659014][i][1517cdbdd] 3. 处理返回结果
[2020/04/21 14:40:25.659047][i][1517cdbdd] api.response GET /account/query?ident=beanpay&group=up&eid=colin&name=colin111 200  2.053362ms 
[2020/04/21 14:40:25.886137][i][e945ce044] api.request GET /account/query?ident=beanpay&group=up&eid=colin&name=colin111 from 192.168.5.93
[2020/04/21 14:40:25.886245][i][e945ce044] ---------------查询资金帐户--------------------
[2020/04/21 14:40:25.886246][i][e945ce044] 1. 参数校验
[2020/04/21 14:40:25.886259][i][e945ce044] 2. 查询帐户信息
[2020/04/21 14:40:25.888566][i][e945ce044] 3. 处理返回结果
[2020/04/21 14:40:25.888595][i][e945ce044] api.response GET /account/query?ident=beanpay&group=up&eid=colin&name=colin111 200  2.477067ms 
[2020/04/21 14:41:09.356328][i][022ef2f10] apiserver 正在退出...
[2020/04/21 14:41:10.457729][i][022ef2f10] apiserver 已安全退出

---------------------end-------------------------

--------------------begin------------------------

[2020/04/21 14:41:16.625295][i][3782142a2] Connected to 192.168.0.101:2181
[2020/04/21 14:41:16.636200][i][3782142a2] authenticated: id=103610669116172259, timeout=4000
[2020/04/21 14:41:16.636208][i][3782142a2] re-submitting `0` credentials after reconnect
[2020/04/21 14:41:16.674414][i][3782142a2] 初始化 /beanpay_debug/apiserver/api-rpc/5.93
[2020/04/21 14:41:16.679948][i][c4a2e0a16] 开始启动[API]服务...
[2020/04/21 14:41:16.686121][i][c4a2e0a16] [启用 静态文件]
[2020/04/21 14:41:16.686128][d][c4a2e0a16] [未启用 header设置]
[2020/04/21 14:41:16.686130][d][c4a2e0a16] [未启用 响应格式设置]
[2020/04/21 14:41:16.686132][d][c4a2e0a16] [未启用 熔断设置]
[2020/04/21 14:41:16.686137][d][c4a2e0a16] [未启用 jwt设置]
[2020/04/21 14:41:16.686138][d][c4a2e0a16] [未启用 固定密钥认证]
[2020/04/21 14:41:16.686139][d][c4a2e0a16] [未启用 远程服务认证]
[2020/04/21 14:41:16.686141][d][c4a2e0a16] [未启用 ajax请求限制设置]
[2020/04/21 14:41:16.686143][d][c4a2e0a16] [未启用 metric设置]
[2020/04/21 14:41:16.686145][d][c4a2e0a16] [未启用 host设置]
[2020/04/21 14:41:17.211000][i][c4a2e0a16] 服务启动成功(API,http://192.168.5.93:9090,8)
[2020/04/21 14:41:17.216860][i][07c19f37d] 开始启动[RPC]服务...
[2020/04/21 14:41:17.222617][d][07c19f37d] [未启用 jwt设置]
[2020/04/21 14:41:17.222645][d][07c19f37d] [未启用 固定密钥认证]
[2020/04/21 14:41:17.222649][d][07c19f37d] [未启用 远程服务认证]
[2020/04/21 14:41:17.222654][d][07c19f37d] [未启用 header设置]
[2020/04/21 14:41:17.222660][d][07c19f37d] [未启用 metric设置]
[2020/04/21 14:41:17.222664][d][07c19f37d] [未启用 host设置]
[2020/04/21 14:41:17.811808][i][07c19f37d] 服务启动成功(RPC,tcp://192.168.5.93:9091,8)
[2020/04/21 14:41:19.457876][i][d2f0650a8] api.request GET /account/query?ident=beanpay&group=up&eid=colin&name=colin111 from 192.168.5.93
[2020/04/21 14:41:19.458163][i][d2f0650a8] ---------------查询资金帐户--------------------
[2020/04/21 14:41:19.458164][i][d2f0650a8] 1. 参数校验
[2020/04/21 14:41:19.458181][i][d2f0650a8] 2. 查询帐户信息
[2020/04/21 14:41:19.460785][i][d2f0650a8] 3. 处理返回结果
[2020/04/21 14:41:19.460935][i][d2f0650a8] api.response GET /account/query?ident=beanpay&group=up&eid=colin&name=colin111 200  3.07158ms 
[2020/04/21 14:41:20.273590][i][6828c435c] api.request GET /account/query?ident=beanpay&group=up&eid=colin&name=colin111 from 192.168.5.93
[2020/04/21 14:41:20.273729][i][6828c435c] ---------------查询资金帐户--------------------
[2020/04/21 14:41:20.273730][i][6828c435c] 1. 参数校验
[2020/04/21 14:41:20.273746][i][6828c435c] 2. 查询帐户信息
[2020/04/21 14:41:20.276269][i][6828c435c] 3. 处理返回结果
[2020/04/21 14:41:20.276311][i][6828c435c] api.response GET /account/query?ident=beanpay&group=up&eid=colin&name=colin111 200  2.747455ms 
[2020/04/21 14:43:38.740473][i][45d2cdc48] api.request GET /account/balance/add?ident=beanpay&group=up&eid=colin&trade_no=86009981&amount=10000 from 192.168.5.93
[2020/04/21 14:43:38.740946][i][45d2cdc48] ---------------帐户加款--------------------
[2020/04/21 14:43:38.740954][i][45d2cdc48] 1. 参数校验
[2020/04/21 14:43:38.741007][i][45d2cdc48] 2. 帐户加款
[2020/04/21 14:43:38.772869][e][45d2cdc48] error:Error 1054: Unknown column 'ext_no' in 'field list'
[2020/04/21 14:43:38.772974][e][45d2cdc48] api.response GET /account/balance/add?ident=beanpay&group=up&eid=colin&trade_no=86009981&amount=10000 400  32.542574ms 
[2020/04/21 14:43:40.862654][i][4fa7b4e1f] api.request GET /account/balance/add?ident=beanpay&group=up&eid=colin&trade_no=86009981&amount=10000 from 192.168.5.93
[2020/04/21 14:43:40.862800][i][4fa7b4e1f] ---------------帐户加款--------------------
[2020/04/21 14:43:40.862801][i][4fa7b4e1f] 1. 参数校验
[2020/04/21 14:43:40.862827][i][4fa7b4e1f] 2. 帐户加款
[2020/04/21 14:43:40.888444][e][4fa7b4e1f] error:Error 1054: Unknown column 'ext_no' in 'field list'
[2020/04/21 14:43:40.888477][e][4fa7b4e1f] api.response GET /account/balance/add?ident=beanpay&group=up&eid=colin&trade_no=86009981&amount=10000 400  25.852205ms 
[2020/04/21 14:43:44.419592][i][ba621af10] api.request GET /account/balance/add?ident=beanpay&group=up&eid=colin&trade_no=86009981&amount=10000 from 192.168.5.93
[2020/04/21 14:43:44.419817][i][ba621af10] ---------------帐户加款--------------------
[2020/04/21 14:43:44.419818][i][ba621af10] 1. 参数校验
[2020/04/21 14:43:44.419856][i][ba621af10] 2. 帐户加款
[2020/04/21 14:43:44.461330][e][ba621af10] error:Error 1054: Unknown column 'ext_no' in 'field list'
[2020/04/21 14:43:44.461363][e][ba621af10] api.response GET /account/balance/add?ident=beanpay&group=up&eid=colin&trade_no=86009981&amount=10000 400  41.802917ms 
[2020/04/21 14:43:44.686943][i][7d3a8645b] api.request GET /account/balance/add?ident=beanpay&group=up&eid=colin&trade_no=86009981&amount=10000 from 192.168.5.93
[2020/04/21 14:43:44.687095][i][7d3a8645b] ---------------帐户加款--------------------
[2020/04/21 14:43:44.687096][i][7d3a8645b] 1. 参数校验
[2020/04/21 14:43:44.687111][i][7d3a8645b] 2. 帐户加款
[2020/04/21 14:43:44.720510][e][7d3a8645b] error:Error 1054: Unknown column 'ext_no' in 'field list'
[2020/04/21 14:43:44.720544][e][7d3a8645b] api.response GET /account/balance/add?ident=beanpay&group=up&eid=colin&trade_no=86009981&amount=10000 400  33.615999ms 

---------------------end-------------------------

--------------------begin------------------------

[2020/04/21 14:49:39.668866][i][3782142a2] apiserver 正在退出...
[2020/04/21 14:49:40.773983][i][3782142a2] apiserver 已安全退出

---------------------end-------------------------

--------------------begin------------------------

[2020/04/21 14:58:18.993901][i][4bd520a2a] Connected to 192.168.0.101:2181
[2020/04/21 14:58:19.6487][i][4bd520a2a] authenticated: id=103610669116172269, timeout=4000
[2020/04/21 14:58:19.6498][i][4bd520a2a] re-submitting `0` credentials after reconnect
[2020/04/21 14:58:19.42789][i][4bd520a2a] 初始化 /beanpay_debug/apiserver/api-rpc/5.93
[2020/04/21 14:58:19.47727][i][840ed3ce0] 开始启动[API]服务...
[2020/04/21 14:58:19.53697][i][840ed3ce0] [启用 静态文件]
[2020/04/21 14:58:19.53704][d][840ed3ce0] [未启用 header设置]
[2020/04/21 14:58:19.53706][d][840ed3ce0] [未启用 响应格式设置]
[2020/04/21 14:58:19.53708][d][840ed3ce0] [未启用 熔断设置]
[2020/04/21 14:58:19.53710][d][840ed3ce0] [未启用 jwt设置]
[2020/04/21 14:58:19.53711][d][840ed3ce0] [未启用 固定密钥认证]
[2020/04/21 14:58:19.53712][d][840ed3ce0] [未启用 远程服务认证]
[2020/04/21 14:58:19.53726][d][840ed3ce0] [未启用 ajax请求限制设置]
[2020/04/21 14:58:19.53729][d][840ed3ce0] [未启用 metric设置]
[2020/04/21 14:58:19.53730][d][840ed3ce0] [未启用 host设置]
[2020/04/21 14:58:19.571121][i][840ed3ce0] 服务启动成功(API,http://192.168.5.93:9090,8)
[2020/04/21 14:58:19.574500][i][92cc5c654] 开始启动[RPC]服务...
[2020/04/21 14:58:19.578503][d][92cc5c654] [未启用 jwt设置]
[2020/04/21 14:58:19.578505][d][92cc5c654] [未启用 固定密钥认证]
[2020/04/21 14:58:19.578506][d][92cc5c654] [未启用 远程服务认证]
[2020/04/21 14:58:19.578508][d][92cc5c654] [未启用 header设置]
[2020/04/21 14:58:19.578509][d][92cc5c654] [未启用 metric设置]
[2020/04/21 14:58:19.578510][d][92cc5c654] [未启用 host设置]
[2020/04/21 14:58:20.174270][i][92cc5c654] 服务启动成功(RPC,tcp://192.168.5.93:9091,8)
[2020/04/21 14:58:22.531746][i][bbfc69e7f] api.request GET /account/balance/add?ident=beanpay&group=up&eid=colin&trade_no=86009981&amount=10000 from 192.168.5.93
[2020/04/21 14:58:22.531921][i][bbfc69e7f] ---------------帐户加款--------------------
[2020/04/21 14:58:22.531922][i][bbfc69e7f] 1. 参数校验
[2020/04/21 14:58:22.531937][i][bbfc69e7f] 2. 帐户加款
[2020/04/21 14:58:22.534751][e][bbfc69e7f] error:帐户不存在
[2020/04/21 14:58:22.534801][e][bbfc69e7f] api.response GET /account/balance/add?ident=beanpay&group=up&eid=colin&trade_no=86009981&amount=10000 908  3.066217ms 
[2020/04/21 14:59:03.831328][i][0f795be17] api.request GET /account/create?ident=beanpay&group=up&eid=colin&name=colin from 192.168.5.93
[2020/04/21 14:59:03.831508][i][0f795be17] ---------------创建资金帐户--------------------
[2020/04/21 14:59:03.831511][i][0f795be17] 1. 参数校验
[2020/04/21 14:59:03.831525][i][0f795be17] 2. 创建帐户信息
[2020/04/21 14:59:03.852289][i][0f795be17] 3. 处理返回结果
[2020/04/21 14:59:03.852344][i][0f795be17] api.response GET /account/create?ident=beanpay&group=up&eid=colin&name=colin 200  21.038234ms 
[2020/04/21 14:59:10.300677][i][ac6515475] api.request GET /account/balance/add?ident=beanpay&group=up&eid=colin&trade_no=86009981&amount=10000 from 192.168.5.93
[2020/04/21 14:59:10.300786][i][ac6515475] ---------------帐户加款--------------------
[2020/04/21 14:59:10.300787][i][ac6515475] 1. 参数校验
[2020/04/21 14:59:10.300807][i][ac6515475] 2. 帐户加款
[2020/04/21 14:59:10.331351][e][ac6515475] error:Error 1054: Unknown column 'memo' in 'field list'
[2020/04/21 14:59:10.331393][e][ac6515475] api.response GET /account/balance/add?ident=beanpay&group=up&eid=colin&trade_no=86009981&amount=10000 400  30.732053ms 
[2020/04/21 14:59:11.557746][i][96b5e4b3e] api.request GET /account/balance/add?ident=beanpay&group=up&eid=colin&trade_no=86009981&amount=10000 from 192.168.5.93
[2020/04/21 14:59:11.557875][i][96b5e4b3e] ---------------帐户加款--------------------
[2020/04/21 14:59:11.557876][i][96b5e4b3e] 1. 参数校验
[2020/04/21 14:59:11.557899][i][96b5e4b3e] 2. 帐户加款
[2020/04/21 14:59:11.581598][e][96b5e4b3e] error:Error 1054: Unknown column 'memo' in 'field list'
[2020/04/21 14:59:11.581626][e][96b5e4b3e] api.response GET /account/balance/add?ident=beanpay&group=up&eid=colin&trade_no=86009981&amount=10000 400  23.899537ms 
[2020/04/21 14:59:12.29649][i][5cf524ace] api.request GET /account/balance/add?ident=beanpay&group=up&eid=colin&trade_no=86009981&amount=10000 from 192.168.5.93
[2020/04/21 14:59:12.29762][i][5cf524ace] ---------------帐户加款--------------------
[2020/04/21 14:59:12.29763][i][5cf524ace] 1. 参数校验
[2020/04/21 14:59:12.29780][i][5cf524ace] 2. 帐户加款
[2020/04/21 14:59:12.61990][e][5cf524ace] error:Error 1054: Unknown column 'memo' in 'field list'
[2020/04/21 14:59:12.62018][e][5cf524ace] api.response GET /account/balance/add?ident=beanpay&group=up&eid=colin&trade_no=86009981&amount=10000 400  32.386199ms 

---------------------end-------------------------

--------------------begin------------------------

[2020/04/21 15:04:29.182042][i][4bd520a2a] apiserver 正在退出...
[2020/04/21 15:04:30.296338][i][4bd520a2a] apiserver 已安全退出

---------------------end-------------------------

--------------------begin------------------------

[2020/04/21 16:11:52.280400][i][92b418f8c] Connected to 192.168.0.101:2181
[2020/04/21 16:11:52.291729][i][92b418f8c] authenticated: id=103610669116172301, timeout=4000
[2020/04/21 16:11:52.291737][i][92b418f8c] re-submitting `0` credentials after reconnect
[2020/04/21 16:11:52.330143][i][92b418f8c] 初始化 /beanpay_debug/apiserver/api-rpc/5.93
[2020/04/21 16:11:52.337587][i][1a4ee4c3c] 开始启动[API]服务...
[2020/04/21 16:11:52.342709][i][1a4ee4c3c] [启用 静态文件]
[2020/04/21 16:11:52.342720][d][1a4ee4c3c] [未启用 header设置]
[2020/04/21 16:11:52.342739][d][1a4ee4c3c] [未启用 响应格式设置]
[2020/04/21 16:11:52.342741][d][1a4ee4c3c] [未启用 熔断设置]
[2020/04/21 16:11:52.342743][d][1a4ee4c3c] [未启用 jwt设置]
[2020/04/21 16:11:52.342744][d][1a4ee4c3c] [未启用 固定密钥认证]
[2020/04/21 16:11:52.342745][d][1a4ee4c3c] [未启用 远程服务认证]
[2020/04/21 16:11:52.342747][d][1a4ee4c3c] [未启用 ajax请求限制设置]
[2020/04/21 16:11:52.342752][d][1a4ee4c3c] [未启用 metric设置]
[2020/04/21 16:11:52.342753][d][1a4ee4c3c] [未启用 host设置]
[2020/04/21 16:11:52.866794][i][1a4ee4c3c] 服务启动成功(API,http://192.168.5.93:9090,8)
[2020/04/21 16:11:52.871253][i][ab36e3995] 开始启动[RPC]服务...
[2020/04/21 16:11:52.876214][d][ab36e3995] [未启用 jwt设置]
[2020/04/21 16:11:52.876220][d][ab36e3995] [未启用 固定密钥认证]
[2020/04/21 16:11:52.876226][d][ab36e3995] [未启用 远程服务认证]
[2020/04/21 16:11:52.876231][d][ab36e3995] [未启用 header设置]
[2020/04/21 16:11:52.876237][d][ab36e3995] [未启用 metric设置]
[2020/04/21 16:11:52.876241][d][ab36e3995] [未启用 host设置]
[2020/04/21 16:11:53.468780][i][ab36e3995] 服务启动成功(RPC,tcp://192.168.5.93:9091,8)
[2020/04/21 16:12:11.906248][i][3020b9b29] api.request GET /account/create?ident=beanpay&group=up&eid=colin&name=colin from 192.168.5.93
[2020/04/21 16:12:11.906426][i][3020b9b29] ---------------创建资金帐户--------------------
[2020/04/21 16:12:11.906427][i][3020b9b29] 1. 参数校验
[2020/04/21 16:12:11.906439][i][3020b9b29] 2. 创建帐户信息
[2020/04/21 16:12:11.908053][i][3020b9b29] 3. 处理返回结果
[2020/04/21 16:12:11.908112][i][3020b9b29] api.response GET /account/create?ident=beanpay&group=up&eid=colin&name=colin 201  1.878671ms 
[2020/04/21 16:12:15.7370][i][c33d1e74a] api.request GET /account/balance/add?ident=beanpay&group=up&eid=colin&trade_no=86009981&amount=10000 from 192.168.5.93
[2020/04/21 16:12:15.7549][i][c33d1e74a] ---------------帐户加款--------------------
[2020/04/21 16:12:15.7553][i][c33d1e74a] 1. 参数校验
[2020/04/21 16:12:15.7571][i][c33d1e74a] 2. 帐户加款
[2020/04/21 16:12:15.47190][i][c33d1e74a] 3. 处理返回结果
[2020/04/21 16:12:15.47405][i][c33d1e74a] api.response GET /account/balance/add?ident=beanpay&group=up&eid=colin&trade_no=86009981&amount=10000 200  40.042907ms 
[2020/04/21 16:12:15.888199][i][0a9e6995d] api.request GET /account/balance/add?ident=beanpay&group=up&eid=colin&trade_no=86009981&amount=10000 from 192.168.5.93
[2020/04/21 16:12:15.888314][i][0a9e6995d] ---------------帐户加款--------------------
[2020/04/21 16:12:15.888315][i][0a9e6995d] 1. 参数校验
[2020/04/21 16:12:15.888341][i][0a9e6995d] 2. 帐户加款
[2020/04/21 16:12:15.900604][i][0a9e6995d] 3. 处理返回结果
[2020/04/21 16:12:15.900666][i][0a9e6995d] api.response GET /account/balance/add?ident=beanpay&group=up&eid=colin&trade_no=86009981&amount=10000 201  12.48247ms 
[2020/04/21 16:13:26.981085][i][92b418f8c] apiserver 正在退出...
[2020/04/21 16:13:28.96477][i][92b418f8c] apiserver 已安全退出

---------------------end-------------------------

--------------------begin------------------------

[2020/04/21 16:13:56.439830][i][c3fba5f5d] Connected to 192.168.0.101:2181
[2020/04/21 16:13:56.452850][i][c3fba5f5d] authenticated: id=103610669116172303, timeout=4000
[2020/04/21 16:13:56.452859][i][c3fba5f5d] re-submitting `0` credentials after reconnect
[2020/04/21 16:13:56.489469][i][c3fba5f5d] 初始化 /beanpay_debug/apiserver/api-rpc/5.93
[2020/04/21 16:13:56.494951][i][aacfa2b82] 开始启动[API]服务...
[2020/04/21 16:13:56.499226][i][aacfa2b82] [启用 静态文件]
[2020/04/21 16:13:56.499231][d][aacfa2b82] [未启用 header设置]
[2020/04/21 16:13:56.499233][d][aacfa2b82] [未启用 响应格式设置]
[2020/04/21 16:13:56.499236][d][aacfa2b82] [未启用 熔断设置]
[2020/04/21 16:13:56.499237][d][aacfa2b82] [未启用 jwt设置]
[2020/04/21 16:13:56.499238][d][aacfa2b82] [未启用 固定密钥认证]
[2020/04/21 16:13:56.499239][d][aacfa2b82] [未启用 远程服务认证]
[2020/04/21 16:13:56.499241][d][aacfa2b82] [未启用 ajax请求限制设置]
[2020/04/21 16:13:56.499244][d][aacfa2b82] [未启用 metric设置]
[2020/04/21 16:13:56.499246][d][aacfa2b82] [未启用 host设置]
[2020/04/21 16:13:57.22258][i][aacfa2b82] 服务启动成功(API,http://192.168.5.93:9090,8)
[2020/04/21 16:13:57.28608][i][479072c6b] 开始启动[RPC]服务...
[2020/04/21 16:13:57.32746][d][479072c6b] [未启用 jwt设置]
[2020/04/21 16:13:57.32761][d][479072c6b] [未启用 固定密钥认证]
[2020/04/21 16:13:57.32765][d][479072c6b] [未启用 远程服务认证]
[2020/04/21 16:13:57.32770][d][479072c6b] [未启用 header设置]
[2020/04/21 16:13:57.32777][d][479072c6b] [未启用 metric设置]
[2020/04/21 16:13:57.32781][d][479072c6b] [未启用 host设置]
[2020/04/21 16:13:57.628906][i][479072c6b] 服务启动成功(RPC,tcp://192.168.5.93:9091,8)
[2020/04/21 16:14:01.68951][i][9d3c827f6] api.request GET /account/balance/add?ident=beanpay&group=up&eid=colin&trade_no=86009981&amount=10000 from 192.168.5.93
[2020/04/21 16:14:01.69449][i][9d3c827f6] ---------------帐户加款--------------------
[2020/04/21 16:14:01.69456][i][9d3c827f6] 1. 参数校验
[2020/04/21 16:14:01.69561][i][9d3c827f6] 2. 帐户加款
[2020/04/21 16:14:01.75935][i][9d3c827f6] 3. 处理返回结果
[2020/04/21 16:14:01.76016][i][9d3c827f6] api.response GET /account/balance/add?ident=beanpay&group=up&eid=colin&trade_no=86009981&amount=10000 201  7.109369ms 
[2020/04/21 16:14:01.794017][i][7369195e5] api.request GET /account/balance/add?ident=beanpay&group=up&eid=colin&trade_no=86009981&amount=10000 from 192.168.5.93
[2020/04/21 16:14:01.794130][i][7369195e5] ---------------帐户加款--------------------
[2020/04/21 16:14:01.794130][i][7369195e5] 1. 参数校验
[2020/04/21 16:14:01.794148][i][7369195e5] 2. 帐户加款
[2020/04/21 16:14:01.801642][i][7369195e5] 3. 处理返回结果
[2020/04/21 16:14:01.801674][i][7369195e5] api.response GET /account/balance/add?ident=beanpay&group=up&eid=colin&trade_no=86009981&amount=10000 201  7.681878ms 
[2020/04/21 16:14:02.280443][i][e36639d6e] api.request GET /account/balance/add?ident=beanpay&group=up&eid=colin&trade_no=86009981&amount=10000 from 192.168.5.93
[2020/04/21 16:14:02.280547][i][e36639d6e] ---------------帐户加款--------------------
[2020/04/21 16:14:02.280549][i][e36639d6e] 1. 参数校验
[2020/04/21 16:14:02.280567][i][e36639d6e] 2. 帐户加款
[2020/04/21 16:14:02.290426][i][e36639d6e] 3. 处理返回结果
[2020/04/21 16:14:02.290459][i][e36639d6e] api.response GET /account/balance/add?ident=beanpay&group=up&eid=colin&trade_no=86009981&amount=10000 201  10.033318ms 
[2020/04/21 16:14:02.479287][i][92210f582] api.request GET /account/balance/add?ident=beanpay&group=up&eid=colin&trade_no=86009981&amount=10000 from 192.168.5.93
[2020/04/21 16:14:02.479387][i][92210f582] ---------------帐户加款--------------------
[2020/04/21 16:14:02.479389][i][92210f582] 1. 参数校验
[2020/04/21 16:14:02.479406][i][92210f582] 2. 帐户加款
[2020/04/21 16:14:02.488923][i][92210f582] 3. 处理返回结果
[2020/04/21 16:14:02.488969][i][92210f582] api.response GET /account/balance/add?ident=beanpay&group=up&eid=colin&trade_no=86009981&amount=10000 201  9.696527ms 
[2020/04/21 16:14:02.705130][i][24e14844a] api.request GET /account/balance/add?ident=beanpay&group=up&eid=colin&trade_no=86009981&amount=10000 from 192.168.5.93
[2020/04/21 16:14:02.705401][i][24e14844a] ---------------帐户加款--------------------
[2020/04/21 16:14:02.705403][i][24e14844a] 1. 参数校验
[2020/04/21 16:14:02.705468][i][24e14844a] 2. 帐户加款
[2020/04/21 16:14:02.714840][i][24e14844a] 3. 处理返回结果
[2020/04/21 16:14:02.714900][i][24e14844a] api.response GET /account/balance/add?ident=beanpay&group=up&eid=colin&trade_no=86009981&amount=10000 201  9.828585ms 
[2020/04/21 16:14:14.325404][i][724933ae6] api.request GET /account/balance/add?ident=beanpay&group=up&eid=colin&trade_no=86009981&amount=10000 from 192.168.5.93
[2020/04/21 16:14:14.325676][i][724933ae6] ---------------帐户加款--------------------
[2020/04/21 16:14:14.325678][i][724933ae6] 1. 参数校验
[2020/04/21 16:14:14.325699][i][724933ae6] 2. 帐户加款
[2020/04/21 16:14:14.351643][i][724933ae6] 3. 处理返回结果
[2020/04/21 16:14:14.351687][i][724933ae6] api.response GET /account/balance/add?ident=beanpay&group=up&eid=colin&trade_no=86009981&amount=10000 200  26.304713ms 
[2020/04/21 16:14:41.545985][i][4b4d7bc63] api.request GET /account/balance/add?ident=beanpay&group=up&eid=colin&trade_no=860099811&amount=10000&memo=%E8%B4%A6%E6%88%B7%E5%8A%A0%E6%AC%BE from 192.168.5.93
[2020/04/21 16:14:41.546154][i][4b4d7bc63] ---------------帐户加款--------------------
[2020/04/21 16:14:41.546156][i][4b4d7bc63] 1. 参数校验
[2020/04/21 16:14:41.546185][i][4b4d7bc63] 2. 帐户加款
[2020/04/21 16:14:41.599750][i][4b4d7bc63] 3. 处理返回结果
[2020/04/21 16:14:41.599790][i][4b4d7bc63] api.response GET /account/balance/add?ident=beanpay&group=up&eid=colin&trade_no=860099811&amount=10000&memo=%E8%B4%A6%E6%88%B7%E5%8A%A0%E6%AC%BE 200  53.814681ms 
[2020/04/21 16:15:37.940461][i][57d4ad1d1] api.request GET /account/balance/drawing?ident=beanpay&group=up&eid=colin&trade_no=86009981&amount=10000&memo=%E6%8F%90%E6%AC%BE from 192.168.5.93
[2020/04/21 16:15:37.940590][i][57d4ad1d1] ---------------帐户提款--------------------
[2020/04/21 16:15:37.940592][i][57d4ad1d1] 1. 参数校验
[2020/04/21 16:15:37.940608][i][57d4ad1d1] 2. 帐户提款
[2020/04/21 16:15:37.970855][i][57d4ad1d1] 3. 处理返回结果
[2020/04/21 16:15:37.970974][i][57d4ad1d1] api.response GET /account/balance/drawing?ident=beanpay&group=up&eid=colin&trade_no=86009981&amount=10000&memo=%E6%8F%90%E6%AC%BE 200  30.508437ms 
[2020/04/21 16:15:41.688011][i][937fcb2d0] api.request GET /account/balance/drawing?ident=beanpay&group=up&eid=colin&trade_no=86009981&amount=10000&memo=%E6%8F%90%E6%AC%BE from 192.168.5.93
[2020/04/21 16:15:41.688120][i][937fcb2d0] ---------------帐户提款--------------------
[2020/04/21 16:15:41.688121][i][937fcb2d0] 1. 参数校验
[2020/04/21 16:15:41.688150][i][937fcb2d0] 2. 帐户提款
[2020/04/21 16:15:41.697878][i][937fcb2d0] 3. 处理返回结果
[2020/04/21 16:15:41.697919][i][937fcb2d0] api.response GET /account/balance/drawing?ident=beanpay&group=up&eid=colin&trade_no=86009981&amount=10000&memo=%E6%8F%90%E6%AC%BE 201  9.922424ms 
[2020/04/21 16:15:51.882258][i][bec7ccd50] api.request GET /account/balance/drawing?ident=beanpay&group=up&eid=colin&trade_no=86009981&amount=10000&memo=%E6%8F%90%E6%AC%BE from 192.168.5.93
[2020/04/21 16:15:51.882433][i][bec7ccd50] ---------------帐户提款--------------------
[2020/04/21 16:15:51.882434][i][bec7ccd50] 1. 参数校验
[2020/04/21 16:15:51.882466][i][bec7ccd50] 2. 帐户提款
[2020/04/21 16:15:51.889131][i][bec7ccd50] 3. 处理返回结果
[2020/04/21 16:15:51.889173][i][bec7ccd50] api.response GET /account/balance/drawing?ident=beanpay&group=up&eid=colin&trade_no=86009981&amount=10000&memo=%E6%8F%90%E6%AC%BE 201  6.936294ms 
[2020/04/21 16:15:54.918656][i][fd26a9ad3] api.request GET /account/balance/drawing?ident=beanpay&group=up&eid=colin&trade_no=860099812&amount=10000&memo=%E6%8F%90%E6%AC%BE from 192.168.5.93
[2020/04/21 16:15:54.918947][i][fd26a9ad3] ---------------帐户提款--------------------
[2020/04/21 16:15:54.918950][i][fd26a9ad3] 1. 参数校验
[2020/04/21 16:15:54.919008][i][fd26a9ad3] 2. 帐户提款
[2020/04/21 16:15:54.954004][i][fd26a9ad3] 3. 处理返回结果
[2020/04/21 16:15:54.954096][i][fd26a9ad3] api.response GET /account/balance/drawing?ident=beanpay&group=up&eid=colin&trade_no=860099812&amount=10000&memo=%E6%8F%90%E6%AC%BE 200  35.47579ms 
[2020/04/21 16:15:55.286734][i][34914af39] api.request GET /account/balance/drawing?ident=beanpay&group=up&eid=colin&trade_no=860099812&amount=10000&memo=%E6%8F%90%E6%AC%BE from 192.168.5.93
[2020/04/21 16:15:55.286817][i][34914af39] ---------------帐户提款--------------------
[2020/04/21 16:15:55.286818][i][34914af39] 1. 参数校验
[2020/04/21 16:15:55.286834][i][34914af39] 2. 帐户提款
[2020/04/21 16:15:55.294026][i][34914af39] 3. 处理返回结果
[2020/04/21 16:15:55.294095][i][34914af39] api.response GET /account/balance/drawing?ident=beanpay&group=up&eid=colin&trade_no=860099812&amount=10000&memo=%E6%8F%90%E6%AC%BE 201  7.374565ms 
[2020/04/21 16:16:18.543891][i][85db5888a] api.request GET /account/balance/add?ident=beanpay&group=up&eid=colin&trade_no=860099811&amount=10000&memo=%E8%B4%A6%E6%88%B7%E5%8A%A0%E6%AC%BE from 192.168.5.93
[2020/04/21 16:16:18.544029][i][85db5888a] ---------------帐户加款--------------------
[2020/04/21 16:16:18.544030][i][85db5888a] 1. 参数校验
[2020/04/21 16:16:18.544050][i][85db5888a] 2. 帐户加款
[2020/04/21 16:16:18.552579][i][85db5888a] 3. 处理返回结果
[2020/04/21 16:16:18.552648][i][85db5888a] api.response GET /account/balance/add?ident=beanpay&group=up&eid=colin&trade_no=860099811&amount=10000&memo=%E8%B4%A6%E6%88%B7%E5%8A%A0%E6%AC%BE 201  8.765954ms 
[2020/04/21 16:16:40.881980][i][6aa1ed734] api.request GET /account/balance/add?ident=beanpay&group=up&eid=colin&trade_no=860099812&amount=10000&memo=%E8%B4%A6%E6%88%B7%E5%8A%A0%E6%AC%BE from 192.168.5.93
[2020/04/21 16:16:40.882100][i][6aa1ed734] ---------------帐户加款--------------------
[2020/04/21 16:16:40.882101][i][6aa1ed734] 1. 参数校验
[2020/04/21 16:16:40.882119][i][6aa1ed734] 2. 帐户加款
[2020/04/21 16:16:40.921871][i][6aa1ed734] 3. 处理返回结果
[2020/04/21 16:16:40.921904][i][6aa1ed734] api.response GET /account/balance/add?ident=beanpay&group=up&eid=colin&trade_no=860099812&amount=10000&memo=%E8%B4%A6%E6%88%B7%E5%8A%A0%E6%AC%BE 200  39.940243ms 
[2020/04/21 16:17:09.327718][i][3a09131e6] api.request GET /account/balance/deduct?ident=beanpay&group=up&eid=colin&trade_no=8970876&trade_type=1&amount=200 from 192.168.5.93
[2020/04/21 16:17:09.327983][i][3a09131e6] ---------------帐户扣款--------------------
[2020/04/21 16:17:09.327989][i][3a09131e6] 1. 参数校验
[2020/04/21 16:17:09.328022][i][3a09131e6] 2. 帐户扣款
[2020/04/21 16:17:09.367464][i][3a09131e6] 3. 处理返回结果
[2020/04/21 16:17:09.367577][i][3a09131e6] api.response GET /account/balance/deduct?ident=beanpay&group=up&eid=colin&trade_no=8970876&trade_type=1&amount=200 200  39.88183ms 
[2020/04/21 16:17:29.405578][i][198e46760] api.request GET /account/balance/deduct?ident=beanpay&group=up&eid=colin&trade_no=89708767&trade_type=1&amount=200&memo=%E6%89%A3%E6%AC%BE from 192.168.5.93
[2020/04/21 16:17:29.405729][i][198e46760] ---------------帐户扣款--------------------
[2020/04/21 16:17:29.405732][i][198e46760] 1. 参数校验
[2020/04/21 16:17:29.405757][i][198e46760] 2. 帐户扣款
[2020/04/21 16:17:29.434602][i][198e46760] 3. 处理返回结果
[2020/04/21 16:17:29.434679][i][198e46760] api.response GET /account/balance/deduct?ident=beanpay&group=up&eid=colin&trade_no=89708767&trade_type=1&amount=200&memo=%E6%89%A3%E6%AC%BE 200  29.111359ms 
[2020/04/21 16:18:06.536706][i][a57d0ad96] api.request GET /account/balance/refund?ident=beanpay&group=up&eid=colin&trade_no=8970876&ext_no=123123&trade_type=1&amount=200&memo=%E9%80%80%E6%AC%BE from 192.168.5.93
[2020/04/21 16:18:06.536864][i][a57d0ad96] ---------------帐户退款--------------------
[2020/04/21 16:18:06.536865][i][a57d0ad96] 1. 参数校验
[2020/04/21 16:18:06.536889][i][a57d0ad96] 2. 帐户退款
[2020/04/21 16:18:06.541829][e][a57d0ad96] error:交易编号(123123)不存在
[2020/04/21 16:18:06.541879][e][a57d0ad96] api.response GET /account/balance/refund?ident=beanpay&group=up&eid=colin&trade_no=8970876&ext_no=123123&trade_type=1&amount=200&memo=%E9%80%80%E6%AC%BE 908  5.194033ms 
[2020/04/21 16:18:24.209706][i][87355006b] api.request GET /account/balance/refund?ident=beanpay&group=up&eid=colin&trade_no=8970876&ext_no=8970876&trade_type=1&amount=200&memo=%E9%80%80%E6%AC%BE from 192.168.5.93
[2020/04/21 16:18:24.209856][i][87355006b] ---------------帐户退款--------------------
[2020/04/21 16:18:24.209856][i][87355006b] 1. 参数校验
[2020/04/21 16:18:24.209886][i][87355006b] 2. 帐户退款
[2020/04/21 16:18:24.272264][i][87355006b] 3. 处理返回结果
[2020/04/21 16:18:24.272308][i][87355006b] api.response GET /account/balance/refund?ident=beanpay&group=up&eid=colin&trade_no=8970876&ext_no=8970876&trade_type=1&amount=200&memo=%E9%80%80%E6%AC%BE 200  62.616275ms 
[2020/04/21 16:18:25.861719][i][ac601e1c7] api.request GET /account/balance/refund?ident=beanpay&group=up&eid=colin&trade_no=8970876&ext_no=8970876&trade_type=1&amount=200&memo=%E9%80%80%E6%AC%BE from 192.168.5.93
[2020/04/21 16:18:25.861818][i][ac601e1c7] ---------------帐户退款--------------------
[2020/04/21 16:18:25.861820][i][ac601e1c7] 1. 参数校验
[2020/04/21 16:18:25.861848][i][ac601e1c7] 2. 帐户退款
[2020/04/21 16:18:25.867465][e][ac601e1c7] error:扣款金额:200,已退款金额:200,本次退款金额:200
[2020/04/21 16:18:25.867507][e][ac601e1c7] api.response GET /account/balance/refund?ident=beanpay&group=up&eid=colin&trade_no=8970876&ext_no=8970876&trade_type=1&amount=200&memo=%E9%80%80%E6%AC%BE 903  5.802055ms 
[2020/04/21 16:18:26.185510][i][878fee5c4] api.request GET /account/balance/refund?ident=beanpay&group=up&eid=colin&trade_no=8970876&ext_no=8970876&trade_type=1&amount=200&memo=%E9%80%80%E6%AC%BE from 192.168.5.93
[2020/04/21 16:18:26.185686][i][878fee5c4] ---------------帐户退款--------------------
[2020/04/21 16:18:26.185687][i][878fee5c4] 1. 参数校验
[2020/04/21 16:18:26.185731][i][878fee5c4] 2. 帐户退款
[2020/04/21 16:18:26.194607][e][878fee5c4] error:扣款金额:200,已退款金额:200,本次退款金额:200
[2020/04/21 16:18:26.194681][e][878fee5c4] api.response GET /account/balance/refund?ident=beanpay&group=up&eid=colin&trade_no=8970876&ext_no=8970876&trade_type=1&amount=200&memo=%E9%80%80%E6%AC%BE 903  9.195663ms 
[2020/04/21 16:18:26.486685][i][c741d2439] api.request GET /account/balance/refund?ident=beanpay&group=up&eid=colin&trade_no=8970876&ext_no=8970876&trade_type=1&amount=200&memo=%E9%80%80%E6%AC%BE from 192.168.5.93
[2020/04/21 16:18:26.486813][i][c741d2439] ---------------帐户退款--------------------
[2020/04/21 16:18:26.486814][i][c741d2439] 1. 参数校验
[2020/04/21 16:18:26.486847][i][c741d2439] 2. 帐户退款
[2020/04/21 16:18:26.495635][e][c741d2439] error:扣款金额:200,已退款金额:200,本次退款金额:200
[2020/04/21 16:18:26.495668][e][c741d2439] api.response GET /account/balance/refund?ident=beanpay&group=up&eid=colin&trade_no=8970876&ext_no=8970876&trade_type=1&amount=200&memo=%E9%80%80%E6%AC%BE 903  9.002759ms 

---------------------end-------------------------

--------------------begin------------------------

[2020/04/21 16:19:43.397895][i][d43708cfb] api.request GET /account/balance/refund?ident=beanpay&group=up&eid=colin&trade_no=89708767&ext_no=1&trade_type=1&amount=200&memo=%E9%80%80%E6%AC%BE from 192.168.5.93
[2020/04/21 16:19:43.398046][i][d43708cfb] ---------------帐户退款--------------------
[2020/04/21 16:19:43.398047][i][d43708cfb] 1. 参数校验
[2020/04/21 16:19:43.398075][i][d43708cfb] 2. 帐户退款
[2020/04/21 16:19:43.402978][e][d43708cfb] error:交易编号(1)不存在
[2020/04/21 16:19:43.403014][e][d43708cfb] api.response GET /account/balance/refund?ident=beanpay&group=up&eid=colin&trade_no=89708767&ext_no=1&trade_type=1&amount=200&memo=%E9%80%80%E6%AC%BE 908  5.139856ms 

---------------------end-------------------------

--------------------begin------------------------

[2020/04/21 16:25:12.826155][i][7d72cdaac] api.request GET /account/balance/refund?ident=beanpay&group=up&eid=colin&trade_no=1&ext_no=89708767&trade_type=1&amount=200&memo=%E9%80%80%E6%AC%BE from 192.168.5.93
[2020/04/21 16:25:12.826318][i][7d72cdaac] ---------------帐户退款--------------------
[2020/04/21 16:25:12.826318][i][7d72cdaac] 1. 参数校验
[2020/04/21 16:25:12.826349][i][7d72cdaac] 2. 帐户退款
[2020/04/21 16:25:12.851715][i][7d72cdaac] 3. 处理返回结果
[2020/04/21 16:25:12.851757][i][7d72cdaac] api.response GET /account/balance/refund?ident=beanpay&group=up&eid=colin&trade_no=1&ext_no=89708767&trade_type=1&amount=200&memo=%E9%80%80%E6%AC%BE 200  25.621193ms 
[2020/04/21 16:25:14.84149][i][fedb35ac5] api.request GET /account/balance/refund?ident=beanpay&group=up&eid=colin&trade_no=1&ext_no=89708767&trade_type=1&amount=200&memo=%E9%80%80%E6%AC%BE from 192.168.5.93
[2020/04/21 16:25:14.84272][i][fedb35ac5] ---------------帐户退款--------------------
[2020/04/21 16:25:14.84273][i][fedb35ac5] 1. 参数校验
[2020/04/21 16:25:14.84301][i][fedb35ac5] 2. 帐户退款
[2020/04/21 16:25:14.90408][e][fedb35ac5] error:扣款金额:200,已退款金额:200,本次退款金额:200
[2020/04/21 16:25:14.90454][e][fedb35ac5] api.response GET /account/balance/refund?ident=beanpay&group=up&eid=colin&trade_no=1&ext_no=89708767&trade_type=1&amount=200&memo=%E9%80%80%E6%AC%BE 903  6.320586ms 
[2020/04/21 16:25:46.938331][i][c3fba5f5d] apiserver 正在退出...
[2020/04/21 16:25:48.31267][i][c3fba5f5d] apiserver 已安全退出

---------------------end-------------------------

--------------------begin------------------------

[2020/04/21 16:34:41.512897][i][b144c4b32] Connected to 192.168.0.101:2181
[2020/04/21 16:34:41.522812][i][b144c4b32] authenticated: id=103610669116172311, timeout=4000
[2020/04/21 16:34:41.522821][i][b144c4b32] re-submitting `0` credentials after reconnect
[2020/04/21 16:34:41.562084][i][b144c4b32] 初始化 /beanpay_debug/apiserver/api-rpc/5.93
[2020/04/21 16:34:41.571937][i][b8b4526a9] 开始启动[API]服务...
[2020/04/21 16:34:41.579219][i][b8b4526a9] [启用 静态文件]
[2020/04/21 16:34:41.579247][d][b8b4526a9] [未启用 header设置]
[2020/04/21 16:34:41.579255][d][b8b4526a9] [未启用 响应格式设置]
[2020/04/21 16:34:41.579262][d][b8b4526a9] [未启用 熔断设置]
[2020/04/21 16:34:41.579268][d][b8b4526a9] [未启用 jwt设置]
[2020/04/21 16:34:41.579272][d][b8b4526a9] [未启用 固定密钥认证]
[2020/04/21 16:34:41.579277][d][b8b4526a9] [未启用 远程服务认证]
[2020/04/21 16:34:41.579283][d][b8b4526a9] [未启用 ajax请求限制设置]
[2020/04/21 16:34:41.579305][d][b8b4526a9] [未启用 metric设置]
[2020/04/21 16:34:41.579311][d][b8b4526a9] [未启用 host设置]
[2020/04/21 16:34:42.101697][i][b8b4526a9] 服务启动成功(API,http://192.168.5.93:9090,8)
[2020/04/21 16:34:42.105523][i][87a889ca5] 开始启动[RPC]服务...
[2020/04/21 16:34:42.108997][d][87a889ca5] [未启用 jwt设置]
[2020/04/21 16:34:42.108999][d][87a889ca5] [未启用 固定密钥认证]
[2020/04/21 16:34:42.109000][d][87a889ca5] [未启用 远程服务认证]
[2020/04/21 16:34:42.109002][d][87a889ca5] [未启用 header设置]
[2020/04/21 16:34:42.109005][d][87a889ca5] [未启用 metric设置]
[2020/04/21 16:34:42.109006][d][87a889ca5] [未启用 host设置]
[2020/04/21 16:34:42.707488][i][87a889ca5] 服务启动成功(RPC,tcp://192.168.5.93:9091,8)
[2020/04/21 16:34:44.709959][i][606c11b3d] api.request GET /account/balance/add?ident=beanpay&group=up&eid=colin&trade_no=860099811&amount=10000&memo=%E8%B4%A6%E6%88%B7%E5%8A%A0%E6%AC%BE from 192.168.5.93
[2020/04/21 16:34:44.710160][i][606c11b3d] ---------------帐户加款--------------------
[2020/04/21 16:34:44.710161][i][606c11b3d] 1. 参数校验
[2020/04/21 16:34:44.710178][i][606c11b3d] 2. 帐户加款
[2020/04/21 16:34:44.717542][i][606c11b3d] 3. 处理返回结果
[2020/04/21 16:34:44.717630][i][606c11b3d] api.response GET /account/balance/add?ident=beanpay&group=up&eid=colin&trade_no=860099811&amount=10000&memo=%E8%B4%A6%E6%88%B7%E5%8A%A0%E6%AC%BE 201  7.68551ms 
[2020/04/21 16:36:16.724226][i][b144c4b32] apiserver 正在退出...
[2020/04/21 16:36:17.834392][i][b144c4b32] apiserver 已安全退出

---------------------end-------------------------

--------------------begin------------------------

[2020/04/21 16:36:30.867863][i][9e19d5ae5] Connected to 192.168.0.101:2181
[2020/04/21 16:36:30.878970][i][9e19d5ae5] authenticated: id=103610669116172314, timeout=4000
[2020/04/21 16:36:30.878987][i][9e19d5ae5] re-submitting `0` credentials after reconnect
[2020/04/21 16:36:30.916846][i][9e19d5ae5] 初始化 /beanpay_debug/apiserver/api-rpc/5.93
[2020/04/21 16:36:30.921615][i][ecdd1f159] 开始启动[API]服务...
[2020/04/21 16:36:30.927445][i][ecdd1f159] [启用 静态文件]
[2020/04/21 16:36:30.927454][d][ecdd1f159] [未启用 header设置]
[2020/04/21 16:36:30.927457][d][ecdd1f159] [未启用 响应格式设置]
[2020/04/21 16:36:30.927460][d][ecdd1f159] [未启用 熔断设置]
[2020/04/21 16:36:30.927462][d][ecdd1f159] [未启用 jwt设置]
[2020/04/21 16:36:30.927464][d][ecdd1f159] [未启用 固定密钥认证]
[2020/04/21 16:36:30.927465][d][ecdd1f159] [未启用 远程服务认证]
[2020/04/21 16:36:30.927467][d][ecdd1f159] [未启用 ajax请求限制设置]
[2020/04/21 16:36:30.927471][d][ecdd1f159] [未启用 metric设置]
[2020/04/21 16:36:30.927472][d][ecdd1f159] [未启用 host设置]
[2020/04/21 16:36:31.453454][i][ecdd1f159] 服务启动成功(API,http://192.168.5.93:9090,8)
[2020/04/21 16:36:31.458733][i][dc1cf852e] 开始启动[RPC]服务...
[2020/04/21 16:36:31.462847][d][dc1cf852e] [未启用 jwt设置]
[2020/04/21 16:36:31.462862][d][dc1cf852e] [未启用 固定密钥认证]
[2020/04/21 16:36:31.462866][d][dc1cf852e] [未启用 远程服务认证]
[2020/04/21 16:36:31.462871][d][dc1cf852e] [未启用 header设置]
[2020/04/21 16:36:31.462878][d][dc1cf852e] [未启用 metric设置]
[2020/04/21 16:36:31.462882][d][dc1cf852e] [未启用 host设置]
[2020/04/21 16:36:32.44775][i][dc1cf852e] 服务启动成功(RPC,tcp://192.168.5.93:9091,8)
[2020/04/21 16:36:34.954613][i][fbc0cc1a8] api.request GET /account/balance/add?ident=beanpay&group=up&eid=colin&trade_no=860099811&amount=10000&memo=%E8%B4%A6%E6%88%B7%E5%8A%A0%E6%AC%BE from 192.168.5.93
[2020/04/21 16:36:34.954877][i][fbc0cc1a8] ---------------帐户加款--------------------
[2020/04/21 16:36:34.954879][i][fbc0cc1a8] 1. 参数校验
[2020/04/21 16:36:34.954899][i][fbc0cc1a8] 2. 帐户加款
[2020/04/21 16:36:34.961950][i][fbc0cc1a8] 3. 处理返回结果
[2020/04/21 16:36:34.962031][i][fbc0cc1a8] api.response GET /account/balance/add?ident=beanpay&group=up&eid=colin&trade_no=860099811&amount=10000&memo=%E8%B4%A6%E6%88%B7%E5%8A%A0%E6%AC%BE 201  7.442236ms 
[2020/04/21 16:36:36.53168][i][7e64a2c55] api.request GET /account/balance/add?ident=beanpay&group=up&eid=colin&trade_no=860099811&amount=10000&memo=%E8%B4%A6%E6%88%B7%E5%8A%A0%E6%AC%BE from 192.168.5.93
[2020/04/21 16:36:36.53391][i][7e64a2c55] ---------------帐户加款--------------------
[2020/04/21 16:36:36.53394][i][7e64a2c55] 1. 参数校验
[2020/04/21 16:36:36.53428][i][7e64a2c55] 2. 帐户加款
[2020/04/21 16:36:36.59933][i][7e64a2c55] 3. 处理返回结果
[2020/04/21 16:36:36.59968][i][7e64a2c55] api.response GET /account/balance/add?ident=beanpay&group=up&eid=colin&trade_no=860099811&amount=10000&memo=%E8%B4%A6%E6%88%B7%E5%8A%A0%E6%AC%BE 201  6.833966ms 
[2020/04/21 16:36:36.356821][i][a45db61cf] api.request GET /account/balance/add?ident=beanpay&group=up&eid=colin&trade_no=860099811&amount=10000&memo=%E8%B4%A6%E6%88%B7%E5%8A%A0%E6%AC%BE from 192.168.5.93
[2020/04/21 16:36:36.357160][i][a45db61cf] ---------------帐户加款--------------------
[2020/04/21 16:36:36.357165][i][a45db61cf] 1. 参数校验
[2020/04/21 16:36:36.357217][i][a45db61cf] 2. 帐户加款
[2020/04/21 16:36:36.365368][i][a45db61cf] 3. 处理返回结果
[2020/04/21 16:36:36.365417][i][a45db61cf] api.response GET /account/balance/add?ident=beanpay&group=up&eid=colin&trade_no=860099811&amount=10000&memo=%E8%B4%A6%E6%88%B7%E5%8A%A0%E6%AC%BE 201  8.633829ms 
[2020/04/21 16:36:36.504032][i][6153005cd] api.request GET /account/balance/add?ident=beanpay&group=up&eid=colin&trade_no=860099811&amount=10000&memo=%E8%B4%A6%E6%88%B7%E5%8A%A0%E6%AC%BE from 192.168.5.93
[2020/04/21 16:36:36.504129][i][6153005cd] ---------------帐户加款--------------------
[2020/04/21 16:36:36.504130][i][6153005cd] 1. 参数校验
[2020/04/21 16:36:36.504146][i][6153005cd] 2. 帐户加款
[2020/04/21 16:36:36.510780][i][6153005cd] 3. 处理返回结果
[2020/04/21 16:36:36.510816][i][6153005cd] api.response GET /account/balance/add?ident=beanpay&group=up&eid=colin&trade_no=860099811&amount=10000&memo=%E8%B4%A6%E6%88%B7%E5%8A%A0%E6%AC%BE 201  6.797907ms 
[2020/04/21 16:36:36.714941][i][076c05395] api.request GET /account/balance/add?ident=beanpay&group=up&eid=colin&trade_no=860099811&amount=10000&memo=%E8%B4%A6%E6%88%B7%E5%8A%A0%E6%AC%BE from 192.168.5.93
[2020/04/21 16:36:36.715633][i][076c05395] ---------------帐户加款--------------------
[2020/04/21 16:36:36.715641][i][076c05395] 1. 参数校验
[2020/04/21 16:36:36.715716][i][076c05395] 2. 帐户加款
[2020/04/21 16:36:36.726238][i][076c05395] 3. 处理返回结果
[2020/04/21 16:36:36.726339][i][076c05395] api.response GET /account/balance/add?ident=beanpay&group=up&eid=colin&trade_no=860099811&amount=10000&memo=%E8%B4%A6%E6%88%B7%E5%8A%A0%E6%AC%BE 201  11.547594ms 
[2020/04/21 16:36:36.873676][i][6727c7820] api.request GET /account/balance/add?ident=beanpay&group=up&eid=colin&trade_no=860099811&amount=10000&memo=%E8%B4%A6%E6%88%B7%E5%8A%A0%E6%AC%BE from 192.168.5.93
[2020/04/21 16:36:36.873761][i][6727c7820] ---------------帐户加款--------------------
[2020/04/21 16:36:36.873762][i][6727c7820] 1. 参数校验
[2020/04/21 16:36:36.873783][i][6727c7820] 2. 帐户加款
[2020/04/21 16:36:36.881211][i][6727c7820] 3. 处理返回结果
[2020/04/21 16:36:36.881276][i][6727c7820] api.response GET /account/balance/add?ident=beanpay&group=up&eid=colin&trade_no=860099811&amount=10000&memo=%E8%B4%A6%E6%88%B7%E5%8A%A0%E6%AC%BE 201  7.61121ms 
[2020/04/21 16:40:41.502465][i][6f3bdcefe] api.request GET /account/record/query?ident=beanpay&group=up&eid=colin&start_time=20190731&end_time=20190731&pi=0&ps=10 from 192.168.5.93
[2020/04/21 16:40:41.502667][i][6f3bdcefe] ---------------帐户资金变动查询--------------------
[2020/04/21 16:40:41.502668][i][6f3bdcefe] 1. 参数校验
[2020/04/21 16:40:41.502690][i][6f3bdcefe] 2. 查询数据
[2020/04/21 16:40:41.507321][i][6f3bdcefe] 3. 处理返回结果
[2020/04/21 16:40:41.507357][i][6f3bdcefe] api.response GET /account/record/query?ident=beanpay&group=up&eid=colin&start_time=20190731&end_time=20190731&pi=0&ps=10 200  4.921263ms 
[2020/04/21 16:40:42.465703][i][a06e7ecf2] api.request GET /account/record/query?ident=beanpay&group=up&eid=colin&start_time=20190731&end_time=20190731&pi=0&ps=10 from 192.168.5.93
[2020/04/21 16:40:42.465835][i][a06e7ecf2] ---------------帐户资金变动查询--------------------
[2020/04/21 16:40:42.465836][i][a06e7ecf2] 1. 参数校验
[2020/04/21 16:40:42.465861][i][a06e7ecf2] 2. 查询数据
[2020/04/21 16:40:42.471358][i][a06e7ecf2] 3. 处理返回结果
[2020/04/21 16:40:42.471397][i][a06e7ecf2] api.response GET /account/record/query?ident=beanpay&group=up&eid=colin&start_time=20190731&end_time=20190731&pi=0&ps=10 200  5.707604ms 
[2020/04/21 16:40:42.654107][i][bff681285] api.request GET /account/record/query?ident=beanpay&group=up&eid=colin&start_time=20190731&end_time=20190731&pi=0&ps=10 from 192.168.5.93
[2020/04/21 16:40:42.654219][i][bff681285] ---------------帐户资金变动查询--------------------
[2020/04/21 16:40:42.654220][i][bff681285] 1. 参数校验
[2020/04/21 16:40:42.654237][i][bff681285] 2. 查询数据
[2020/04/21 16:40:42.657880][i][bff681285] 3. 处理返回结果
[2020/04/21 16:40:42.657906][i][bff681285] api.response GET /account/record/query?ident=beanpay&group=up&eid=colin&start_time=20190731&end_time=20190731&pi=0&ps=10 200  3.816221ms 
[2020/04/21 16:40:42.880514][i][e133b3cd5] api.request GET /account/record/query?ident=beanpay&group=up&eid=colin&start_time=20190731&end_time=20190731&pi=0&ps=10 from 192.168.5.93
[2020/04/21 16:40:42.880612][i][e133b3cd5] ---------------帐户资金变动查询--------------------
[2020/04/21 16:40:42.880612][i][e133b3cd5] 1. 参数校验
[2020/04/21 16:40:42.880631][i][e133b3cd5] 2. 查询数据
[2020/04/21 16:40:42.886355][i][e133b3cd5] 3. 处理返回结果
[2020/04/21 16:40:42.886382][i][e133b3cd5] api.response GET /account/record/query?ident=beanpay&group=up&eid=colin&start_time=20190731&end_time=20190731&pi=0&ps=10 200  5.881974ms 
[2020/04/21 16:40:43.74032][i][aea5f37f8] api.request GET /account/record/query?ident=beanpay&group=up&eid=colin&start_time=20190731&end_time=20190731&pi=0&ps=10 from 192.168.5.93
[2020/04/21 16:40:43.74146][i][aea5f37f8] ---------------帐户资金变动查询--------------------
[2020/04/21 16:40:43.74147][i][aea5f37f8] 1. 参数校验
[2020/04/21 16:40:43.74170][i][aea5f37f8] 2. 查询数据
[2020/04/21 16:40:43.80398][i][aea5f37f8] 3. 处理返回结果
[2020/04/21 16:40:43.80426][i][aea5f37f8] api.response GET /account/record/query?ident=beanpay&group=up&eid=colin&start_time=20190731&end_time=20190731&pi=0&ps=10 200  6.412192ms 
[2020/04/21 16:40:43.294696][i][ee4a66d1f] api.request GET /account/record/query?ident=beanpay&group=up&eid=colin&start_time=20190731&end_time=20190731&pi=0&ps=10 from 192.168.5.93
[2020/04/21 16:40:43.294806][i][ee4a66d1f] ---------------帐户资金变动查询--------------------
[2020/04/21 16:40:43.294807][i][ee4a66d1f] 1. 参数校验
[2020/04/21 16:40:43.294828][i][ee4a66d1f] 2. 查询数据
[2020/04/21 16:40:43.298338][i][ee4a66d1f] 3. 处理返回结果
[2020/04/21 16:40:43.298369][i][ee4a66d1f] api.response GET /account/record/query?ident=beanpay&group=up&eid=colin&start_time=20190731&end_time=20190731&pi=0&ps=10 200  3.690815ms 

---------------------end-------------------------

--------------------begin------------------------

[2020/04/21 16:45:39.788762][i][9bacfbd48] api.request GET /account/record/query?ident=beanpay&group=up&eid=colin&start_time=20190731&end_time=20200422&pi=0&ps=10 from 192.168.5.93
[2020/04/21 16:45:39.788953][i][9bacfbd48] ---------------帐户资金变动查询--------------------
[2020/04/21 16:45:39.788954][i][9bacfbd48] 1. 参数校验
[2020/04/21 16:45:39.788980][i][9bacfbd48] 2. 查询数据
[2020/04/21 16:45:39.794099][i][9bacfbd48] 3. 处理返回结果
[2020/04/21 16:45:39.794183][i][9bacfbd48] api.response GET /account/record/query?ident=beanpay&group=up&eid=colin&start_time=20190731&end_time=20200422&pi=0&ps=10 200  5.442891ms 

---------------------end-------------------------

--------------------begin------------------------

[2020/04/21 16:49:10.473909][i][9e19d5ae5] apiserver 正在退出...
[2020/04/21 16:49:11.577512][i][9e19d5ae5] apiserver 已安全退出

---------------------end-------------------------
